0 0.09
1 0.11
2 0.03
3 0.08
4 0.05
5 0.05
6 0.08
7 0.08
8 0.06
9 0.07
10 0.07
11 0.07
12 0.05
13 0.04
14 0.01
15 0.07
16 0.08
17 0.06
18 0.06
19 0.03
20 0.08
21 0.06
22 0.01
23 0.13
24 0.01
25 0.08
26 0.06
27 0.05
28 0.04
29 0.02
30 0.06
31 0.04
32 0.04
33 0.07
34 0.05
35 0.04
36 0.08
37 0.03
38 0.06
39 0.05
40 0.04
41 0.03
42 0.03
43 0.06
44 0.09
45 0.04
46 0.03
47 0.03
48 0.05
49 0.06
50 0.05
51 0.06
52 0.04
53 0.04
54 0.09
55 0.05
56 0.03
57 0.08
58 0.07
59 0.05
60 0.07
61 0.05
62 0.08
63 0.04
64 0.05
65 0.05
66 0.06
67 0.07
68 0.06
69 0.1
70 0.01
71 0.06
72 0.06
73 0.0
74 0.05
75 0.02
76 0.07
77 0.02
78 0.07
79 0.08
80 0.09
81 0.07
82 0.06
83 0.05
84 0.06
85 0.11
86 0.07
87 0.07
88 0.04
89 0.06
90 0.07
91 0.04
92 0.04
93 0.05
94 0.06
95 0.05
96 0.07
97 0.02
98 0.07
99 0.09
100 0.09
101 0.07
102 0.06
103 0.08
104 0.05
105 0.03
106 0.07
107 0.06
108 0.05
109 0.04
110 0.09
111 0.06
112 0.03
113 0.03
114 0.07
115 0.06
116 0.07
117 0.01
118 0.05
119 0.06
120 0.04
121 0.05
122 0.04
123 0.09
124 0.09
125 0.04
126 0.08
127 0.06
128 0.07
129 0.05
130 0.04
131 0.06
132 0.02
133 0.04
134 0.06
135 0.06
136 0.09
137 0.07
138 0.02
139 0.04
140 0.04
141 0.04
142 0.08
143 0.06
144 0.08
145 0.03
146 0.07
147 0.02
148 0.1
149 0.06
150 0.08
151 0.05
152 0.04
153 0.05
154 0.05
155 0.02
156 0.06
157 0.12
158 0.02
159 0.06
160 0.1
161 0.08
162 0.05
163 0.07
164 0.03
165 0.08
166 0.03
167 0.01
168 0.03
169 0.0
170 0.09
171 0.04
172 0.06
173 0.03
174 0.03
175 0.05
176 0.05
177 0.02
178 0.08
179 0.02
180 0.04
181 0.02
182 0.03
183 0.02
184 0.04
185 0.02
186 0.04
187 0.07
188 0.09
189 0.02
190 0.03
191 0.09
192 0.07
193 0.02
194 0.06
195 0.06
196 0.05
197 0.03
198 0.04
199 0.12
200 0.04
201 0.05
202 0.03
203 0.02
204 0.07
205 0.08
206 0.05
207 0.03
208 0.04
209 0.07
210 0.09
211 0.04
212 0.07
213 0.09
214 0.07
215 0.04
216 0.06
217 0.07
218 0.07
219 0.06
220 0.05
221 0.02
222 0.01
223 0.05
224 0.04
225 0.07
226 0.02
227 0.02
228 0.07
229 0.05
230 0.09
231 0.06
232 0.01
233 0.03
234 0.06
235 0.06
236 0.05
237 0.06
238 0.09
239 0.06
240 0.07
241 0.14
242 0.09
243 0.08
244 0.03
245 0.14
246 0.05
247 0.06
248 0.06
249 0.06
250 0.07
251 0.04
252 0.04
253 0.02
254 0.03
255 0.05
256 0.05
257 0.01
258 0.07
259 0.03
260 0.04
261 0.02
262 0.03
263 0.03
264 0.01
265 0.04
266 0.06
267 0.06
268 0.02
269 0.05
270 0.07
271 0.01
272 0.05
273 0.06
274 0.06
275 0.06
276 0.06
277 0.06
278 0.05
279 0.07
280 0.07
281 0.03
282 0.03
283 0.1
284 0.08
285 0.03
286 0.09
287 0.11
288 0.04
289 0.09
290 0.08
291 0.03
292 0.06
293 0.05
294 0.05
295 0.05
296 0.03
297 0.03
298 0.09
299 0.05
0.0543666666667
(100.0, 0.0)
(928.0, 72.0)
